<?xml version="1.0" encoding="UTF-8"?>
<!-- Generated by org.testng.reporters.JUnitReportReporter -->
<testsuite hostname="LAPTOP-V78RV2NT" failures="0" tests="1" name="com.jqueryui.testrunner.TestRunner" time="16.711" errors="0" timestamp="09 Feb 2025 06:56:07 GMT" skipped="0">
  <testcase classname="com.jqueryui.testrunner.TestRunner" name="runScenario" time="16.711"/>
</testsuite> <!-- com.jqueryui.testrunner.TestRunner -->
